C:\DOCUMENTS AND SETTINGS\USER\MY DOCUMENTS\C51-RELATED-PROJECTS\SCOM\DEBUG\SCOM.EXE
C:\DOCUMENTS AND SETTINGS\USER\MY DOCUMENTS\C51-RELATED-PROJECTS\SCOM\DEBUG\SCOM.ILK
C:\DOCUMENTS AND SETTINGS\USER\MY DOCUMENTS\C51-RELATED-PROJECTS\SCOM\DEBUG\SCOM.PDB
C:\Documents and Settings\user\My Documents\c51-related-projects\SCom\SCom\Debug\cl.command.1.tlog
C:\Documents and Settings\user\My Documents\c51-related-projects\SCom\SCom\Debug\CL.read.1.tlog
C:\Documents and Settings\user\My Documents\c51-related-projects\SCom\SCom\Debug\CL.write.1.tlog
C:\DOCUMENTS AND SETTINGS\USER\MY DOCUMENTS\C51-RELATED-PROJECTS\SCOM\SCOM\DEBUG\COMPORT.OBJ
C:\Documents and Settings\user\My Documents\c51-related-projects\SCom\SCom\Debug\link.3104.read.1.tlog
C:\Documents and Settings\user\My Documents\c51-related-projects\SCom\SCom\Debug\link.3104.write.1.tlog
C:\Documents and Settings\user\My Documents\c51-related-projects\SCom\SCom\Debug\link.3104-cvtres.read.1.tlog
C:\Documents and Settings\user\My Documents\c51-related-projects\SCom\SCom\Debug\link.3104-cvtres.write.1.tlog
C:\Documents and Settings\user\My Documents\c51-related-projects\SCom\SCom\Debug\link.command.1.tlog
C:\Documents and Settings\user\My Documents\c51-related-projects\SCom\SCom\Debug\link.read.1.tlog
C:\Documents and Settings\user\My Documents\c51-related-projects\SCom\SCom\Debug\link.write.1.tlog
C:\Documents and Settings\user\My Documents\c51-related-projects\SCom\SCom\Debug\link-cvtres.read.1.tlog
C:\Documents and Settings\user\My Documents\c51-related-projects\SCom\SCom\Debug\link-cvtres.write.1.tlog
C:\Documents and Settings\user\My Documents\c51-related-projects\SCom\SCom\Debug\mt.command.1.tlog
C:\Documents and Settings\user\My Documents\c51-related-projects\SCom\SCom\Debug\mt.read.1.tlog
C:\Documents and Settings\user\My Documents\c51-related-projects\SCom\SCom\Debug\mt.write.1.tlog
C:\Documents and Settings\user\My Documents\c51-related-projects\SCom\SCom\Debug\rc.command.1.tlog
C:\Documents and Settings\user\My Documents\c51-related-projects\SCom\SCom\Debug\rc.read.1.tlog
C:\Documents and Settings\user\My Documents\c51-related-projects\SCom\SCom\Debug\rc.write.1.tlog
C:\DOCUMENTS AND SETTINGS\USER\MY DOCUMENTS\C51-RELATED-PROJECTS\SCOM\SCOM\DEBUG\SCOM.EXE.EMBED.MANIFEST
C:\DOCUMENTS AND SETTINGS\USER\MY DOCUMENTS\C51-RELATED-PROJECTS\SCOM\SCOM\DEBUG\SCOM.EXE.EMBED.MANIFEST.RES
C:\DOCUMENTS AND SETTINGS\USER\MY DOCUMENTS\C51-RELATED-PROJECTS\SCOM\SCOM\DEBUG\SCOM.EXE.INTERMEDIATE.MANIFEST
C:\DOCUMENTS AND SETTINGS\USER\MY DOCUMENTS\C51-RELATED-PROJECTS\SCOM\SCOM\DEBUG\SCOM.OBJ
C:\DOCUMENTS AND SETTINGS\USER\MY DOCUMENTS\C51-RELATED-PROJECTS\SCOM\SCOM\DEBUG\SCOM.PCH
C:\Documents and Settings\user\My Documents\c51-related-projects\SCom\SCom\Debug\SCom_manifest.rc
C:\DOCUMENTS AND SETTINGS\USER\MY DOCUMENTS\C51-RELATED-PROJECTS\SCOM\SCOM\DEBUG\STDAFX.OBJ
C:\Documents and Settings\user\My Documents\c51-related-projects\SCom\SCom\Debug\vc100.idb
C:\DOCUMENTS AND SETTINGS\USER\MY DOCUMENTS\C51-RELATED-PROJECTS\SCOM\SCOM\DEBUG\VC100.PDB
